<?xml version="1.0" encoding="UTF-8"?>
<!-- Generated by org.testng.reporters.JUnitReportReporter -->
<testsuite hostname="DESKTOP-RCOQVE2" failures="0" tests="2" name="tests.GetAndPost" time="2.500" errors="0" timestamp="2021-07-27T19:07:57 MDT" skipped="0">
  <testcase classname="tests.GetAndPost" name="testGet" time="2.021"/>
  <system-out/>
  <testcase classname="tests.GetAndPost" name="testPost" time="0.479"/>
  <system-out/>
</testsuite> <!-- tests.GetAndPost -->
