<?xml version="1.0" encoding="UTF-8"?>
<!-- Generated by org.testng.reporters.JUnitReportReporter -->
<testsuite hostname="DESKTOP-RCOQVE2" failures="0" tests="1" name="tests.TestsOnMMAApi" time="1.240" errors="0" timestamp="2021-07-27T18:38:08 MDT" skipped="0">
  <testcase classname="tests.TestsOnMMAApi" name="get" time="1.240"/>
  <system-out/>
</testsuite> <!-- tests.TestsOnMMAApi -->
