<?xml version="1.0" encoding="UTF-8"?>
<!-- Generated by org.testng.reporters.JUnitReportReporter -->
<testsuite hostname="DESKTOP-RCOQVE2" failures="0" tests="2" name="tests.firstTest" time="1.988" errors="0" timestamp="2021-07-19T17:18:00 MDT" skipped="0">
  <testcase classname="tests.firstTest" name="test_2" time="0.596"/>
  <system-out/>
  <testcase classname="tests.firstTest" name="test_1" time="1.392"/>
  <system-out/>
</testsuite> <!-- tests.firstTest -->
