<?xml version="1.0" encoding="UTF-8"?>
<!-- Generated by org.testng.reporters.JUnitReportReporter -->
<testsuite hostname="DESKTOP-RCOQVE2" failures="0" tests="3" name="tests.PutPatchDelete" time="2.733" errors="0" timestamp="2021-07-19T18:07:27 MDT" skipped="0">
  <testcase classname="tests.PutPatchDelete" name="testDelete" time="1.774"/>
  <system-out/>
  <testcase classname="tests.PutPatchDelete" name="testPut" time="0.451"/>
  <system-out/>
  <testcase classname="tests.PutPatchDelete" name="testPatch" time="0.508"/>
  <system-out/>
</testsuite> <!-- tests.PutPatchDelete -->
